<?xml version="1.0" encoding="UTF-8"?>
<!-- Generated by org.testng.reporters.JUnitReportReporter -->
<testsuite hostname="LAPTOP-T3KCBNTD" failures="0" tests="1" name="Test.testautomate" time="1.098" errors="0" timestamp="2024-03-05T16:40:52 IST" skipped="0">
  <testcase classname="Test.testautomate" name="loginTest" time="1.098"/>
</testsuite> <!-- Test.testautomate -->
